This is pdfTeX, Version 3.1415926-2.5-1.40.14 (TeX Live 2013) (format=pdflatex 2014.4.19)  15 JAN 2015 17:18
entering extended mode
 \write18 enabled.
 file:line:error style messages enabled.
 %&-line parsing enabled.
**Final_report1.tex
(./Final_report1.tex
LaTeX2e <2011/06/27>
Babel <3.9f> and hyphenation patterns for 78 languages loaded.
(/usr/local/texlive/2013/texmf-dist/tex/latex/base/article.cls
Document Class: article 2007/10/19 v1.4h Standard LaTeX document class
(/usr/local/texlive/2013/texmf-dist/tex/latex/base/size10.clo
File: size10.clo 2007/10/19 v1.4h Standard LaTeX file (size option)
)
\c@part=\count79
\c@section=\count80
\c@subsection=\count81
\c@subsubsection=\count82
\c@paragraph=\count83
\c@subparagraph=\count84
\c@figure=\count85
\c@table=\count86
\abovecaptionskip=\skip41
\belowcaptionskip=\skip42
\bibindent=\dimen102
)
(/usr/local/texlive/2013/texmf-dist/tex/latex/graphics/graphicx.sty
Package: graphicx 1999/02/16 v1.0f Enhanced LaTeX Graphics (DPC,SPQR)

(/usr/local/texlive/2013/texmf-dist/tex/latex/graphics/keyval.sty
Package: keyval 1999/03/16 v1.13 key=value parser (DPC)
\KV@toks@=\toks14
)
(/usr/local/texlive/2013/texmf-dist/tex/latex/graphics/graphics.sty
Package: graphics 2009/02/05 v1.0o Standard LaTeX Graphics (DPC,SPQR)

(/usr/local/texlive/2013/texmf-dist/tex/latex/graphics/trig.sty
Package: trig 1999/03/16 v1.09 sin cos tan (DPC)
)
(/usr/local/texlive/2013/texmf-dist/tex/latex/latexconfig/graphics.cfg
File: graphics.cfg 2010/04/23 v1.9 graphics configuration of TeX Live
)
Package graphics Info: Driver file: pdftex.def on input line 91.

(/usr/local/texlive/2013/texmf-dist/tex/latex/pdftex-def/pdftex.def
File: pdftex.def 2011/05/27 v0.06d Graphics/color for pdfTeX

(/usr/local/texlive/2013/texmf-dist/tex/generic/oberdiek/infwarerr.sty
Package: infwarerr 2010/04/08 v1.3 Providing info/warning/error messages (HO)
)
(/usr/local/texlive/2013/texmf-dist/tex/generic/oberdiek/ltxcmds.sty
Package: ltxcmds 2011/11/09 v1.22 LaTeX kernel commands for general use (HO)
)
\Gread@gobject=\count87
))
\Gin@req@height=\dimen103
\Gin@req@width=\dimen104
)
(/usr/local/texlive/2013/texmf-dist/tex/latex/base/fontenc.sty
Package: fontenc 2005/09/27 v1.99g Standard LaTeX package

(/usr/local/texlive/2013/texmf-dist/tex/latex/base/t1enc.def
File: t1enc.def 2005/09/27 v1.99g Standard LaTeX file
LaTeX Font Info:    Redeclaring font encoding T1 on input line 43.
))
(/usr/local/texlive/2013/texmf-dist/tex/latex/base/inputenc.sty
Package: inputenc 2008/03/30 v1.1d Input encoding file
\inpenc@prehook=\toks15
\inpenc@posthook=\toks16

(/usr/local/texlive/2013/texmf-dist/tex/latex/base/latin9.def
File: latin9.def 2008/03/30 v1.1d Input encoding file
))
(/usr/local/texlive/2013/texmf-dist/tex/latex/amsmath/amstext.sty
Package: amstext 2000/06/29 v2.01

(/usr/local/texlive/2013/texmf-dist/tex/latex/amsmath/amsgen.sty
File: amsgen.sty 1999/11/30 v2.0
\@emptytoks=\toks17
\ex@=\dimen105
))
(/usr/local/texlive/2013/texmf-dist/tex/latex/amsmath/amsmath.sty
Package: amsmath 2013/01/14 v2.14 AMS math features
\@mathmargin=\skip43

For additional information on amsmath, use the `?' option.
(/usr/local/texlive/2013/texmf-dist/tex/latex/amsmath/amsbsy.sty
Package: amsbsy 1999/11/29 v1.2d
\pmbraise@=\dimen106
)
(/usr/local/texlive/2013/texmf-dist/tex/latex/amsmath/amsopn.sty
Package: amsopn 1999/12/14 v2.01 operator names
)
\inf@bad=\count88
LaTeX Info: Redefining \frac on input line 210.
\uproot@=\count89
\leftroot@=\count90
LaTeX Info: Redefining \overline on input line 306.
\classnum@=\count91
\DOTSCASE@=\count92
LaTeX Info: Redefining \ldots on input line 378.
LaTeX Info: Redefining \dots on input line 381.
LaTeX Info: Redefining \cdots on input line 466.
\Mathstrutbox@=\box26
\strutbox@=\box27
\big@size=\dimen107
LaTeX Font Info:    Redeclaring font encoding OML on input line 566.
LaTeX Font Info:    Redeclaring font encoding OMS on input line 567.
\macc@depth=\count93
\c@MaxMatrixCols=\count94
\dotsspace@=\muskip10
\c@parentequation=\count95
\dspbrk@lvl=\count96
\tag@help=\toks18
\row@=\count97
\column@=\count98
\maxfields@=\count99
\andhelp@=\toks19
\eqnshift@=\dimen108
\alignsep@=\dimen109
\tagshift@=\dimen110
\tagwidth@=\dimen111
\totwidth@=\dimen112
\lineht@=\dimen113
\@envbody=\toks20
\multlinegap=\skip44
\multlinetaggap=\skip45
\mathdisplay@stack=\toks21
LaTeX Info: Redefining \[ on input line 2665.
LaTeX Info: Redefining \] on input line 2666.
)
(/usr/local/texlive/2013/texmf-dist/tex/latex/amsfonts/amsfonts.sty
Package: amsfonts 2013/01/14 v3.01 Basic AMSFonts support
\symAMSa=\mathgroup4
\symAMSb=\mathgroup5
LaTeX Font Info:    Overwriting math alphabet `\mathfrak' in version `bold'
(Font)                  U/euf/m/n --> U/euf/b/n on input line 106.
)
(/usr/local/texlive/2013/texmf-dist/tex/latex/amsfonts/amssymb.sty
Package: amssymb 2013/01/14 v3.01 AMS font symbols
)
(/usr/local/texlive/2013/texmf-dist/tex/generic/babel/babel.sty
Package: babel 2013/05/16 v3.9f The Babel package

(/usr/local/texlive/2013/texmf-dist/tex/generic/babel-english/english.ldf
Language: english 2012/08/20 v3.3p English support from the babel system

(/usr/local/texlive/2013/texmf-dist/tex/generic/babel/babel.def
File: babel.def 2013/05/16 v3.9f Babel common definitions
\babel@savecnt=\count100
\U@D=\dimen114
)
\l@canadian = a dialect from \language\l@american 
\l@australian = a dialect from \language\l@british 
\l@newzealand = a dialect from \language\l@british 
))
(/usr/local/texlive/2013/texmf-dist/tex/latex/psnfss/courier.sty
Package: courier 2005/04/12 PSNFSS-v9.2a (WaS) 
)
(/usr/local/texlive/2013/texmf-dist/tex/latex/geometry/geometry.sty
Package: geometry 2010/09/12 v5.6 Page Geometry

(/usr/local/texlive/2013/texmf-dist/tex/generic/oberdiek/ifpdf.sty
Package: ifpdf 2011/01/30 v2.3 Provides the ifpdf switch (HO)
Package ifpdf Info: pdfTeX in PDF mode is detected.
)
(/usr/local/texlive/2013/texmf-dist/tex/generic/oberdiek/ifvtex.sty
Package: ifvtex 2010/03/01 v1.5 Detect VTeX and its facilities (HO)
Package ifvtex Info: VTeX not detected.
)
(/usr/local/texlive/2013/texmf-dist/tex/generic/ifxetex/ifxetex.sty
Package: ifxetex 2010/09/12 v0.6 Provides ifxetex conditional
)
\Gm@cnth=\count101
\Gm@cntv=\count102
\c@Gm@tempcnt=\count103
\Gm@bindingoffset=\dimen115
\Gm@wd@mp=\dimen116
\Gm@odd@mp=\dimen117
\Gm@even@mp=\dimen118
\Gm@layoutwidth=\dimen119
\Gm@layoutheight=\dimen120
\Gm@layouthoffset=\dimen121
\Gm@layoutvoffset=\dimen122
\Gm@dimlist=\toks22
)
(/usr/local/texlive/2013/texmf-dist/tex/latex/caption/caption.sty
Package: caption 2013/05/02 v3.3-89 Customizing captions (AR)

(/usr/local/texlive/2013/texmf-dist/tex/latex/caption/caption3.sty
Package: caption3 2013/05/02 v1.6-88 caption3 kernel (AR)
Package caption3 Info: TeX engine: e-TeX on input line 57.
\captionmargin=\dimen123
\captionmargin@=\dimen124
\captionwidth=\dimen125
\caption@tempdima=\dimen126
\caption@indent=\dimen127
\caption@parindent=\dimen128
\caption@hangindent=\dimen129
)
\c@ContinuedFloat=\count104
)
(/usr/local/texlive/2013/texmf-dist/tex/latex/subfigure/subfigure.sty
Package: subfigure 2002/03/15 v2.1.5 subfigure package
\subfigtopskip=\skip46
\subfigcapskip=\skip47
\subfigcaptopadj=\dimen130
\subfigbottomskip=\skip48
\subfigcapmargin=\dimen131
\subfiglabelskip=\skip49
\c@subfigure=\count105
\c@lofdepth=\count106
\c@subtable=\count107
\c@lotdepth=\count108

****************************************
* Local config file subfigure.cfg used *
****************************************
(/usr/local/texlive/2013/texmf-dist/tex/latex/subfigure/subfigure.cfg)
\subfig@top=\skip50
\subfig@bottom=\skip51
)
(./Final_report1.aux)
\openout1 = `Final_report1.aux'.

LaTeX Font Info:    Checking defaults for OML/cmm/m/it on input line 16.
LaTeX Font Info:    ... okay on input line 16.
LaTeX Font Info:    Checking defaults for T1/cmr/m/n on input line 16.
LaTeX Font Info:    ... okay on input line 16.
LaTeX Font Info:    Checking defaults for OT1/cmr/m/n on input line 16.
LaTeX Font Info:    ... okay on input line 16.
LaTeX Font Info:    Checking defaults for OMS/cmsy/m/n on input line 16.
LaTeX Font Info:    ... okay on input line 16.
LaTeX Font Info:    Checking defaults for OMX/cmex/m/n on input line 16.
LaTeX Font Info:    ... okay on input line 16.
LaTeX Font Info:    Checking defaults for U/cmr/m/n on input line 16.
LaTeX Font Info:    ... okay on input line 16.

(/usr/local/texlive/2013/texmf-dist/tex/context/base/supp-pdf.mkii
[Loading MPS to PDF converter (version 2006.09.02).]
\scratchcounter=\count109
\scratchdimen=\dimen132
\scratchbox=\box28
\nofMPsegments=\count110
\nofMParguments=\count111
\everyMPshowfont=\toks23
\MPscratchCnt=\count112
\MPscratchDim=\dimen133
\MPnumerator=\count113
\makeMPintoPDFobject=\count114
\everyMPtoPDFconversion=\toks24
) (/usr/local/texlive/2013/texmf-dist/tex/generic/oberdiek/pdftexcmds.sty
Package: pdftexcmds 2011/11/29 v0.20 Utility functions of pdfTeX for LuaTeX (HO
)

(/usr/local/texlive/2013/texmf-dist/tex/generic/oberdiek/ifluatex.sty
Package: ifluatex 2010/03/01 v1.3 Provides the ifluatex switch (HO)
Package ifluatex Info: LuaTeX not detected.
)
Package pdftexcmds Info: LuaTeX not detected.
Package pdftexcmds Info: \pdf@primitive is available.
Package pdftexcmds Info: \pdf@ifprimitive is available.
Package pdftexcmds Info: \pdfdraftmode found.
)
(/usr/local/texlive/2013/texmf-dist/tex/latex/oberdiek/epstopdf-base.sty
Package: epstopdf-base 2010/02/09 v2.5 Base part for package epstopdf

(/usr/local/texlive/2013/texmf-dist/tex/latex/oberdiek/grfext.sty
Package: grfext 2010/08/19 v1.1 Manage graphics extensions (HO)

(/usr/local/texlive/2013/texmf-dist/tex/generic/oberdiek/kvdefinekeys.sty
Package: kvdefinekeys 2011/04/07 v1.3 Define keys (HO)
))
(/usr/local/texlive/2013/texmf-dist/tex/latex/oberdiek/kvoptions.sty
Package: kvoptions 2011/06/30 v3.11 Key value format for package options (HO)

(/usr/local/texlive/2013/texmf-dist/tex/generic/oberdiek/kvsetkeys.sty
Package: kvsetkeys 2012/04/25 v1.16 Key value parser (HO)

(/usr/local/texlive/2013/texmf-dist/tex/generic/oberdiek/etexcmds.sty
Package: etexcmds 2011/02/16 v1.5 Avoid name clashes with e-TeX commands (HO)
Package etexcmds Info: Could not find \expanded.
(etexcmds)             That can mean that you are not using pdfTeX 1.50 or
(etexcmds)             that some package has redefined \expanded.
(etexcmds)             In the latter case, load this package earlier.
)))
Package grfext Info: Graphics extension search list:
(grfext)             [.png,.pdf,.jpg,.mps,.jpeg,.jbig2,.jb2,.PNG,.PDF,.JPG,.JPE
G,.JBIG2,.JB2,.eps]
(grfext)             \AppendGraphicsExtensions on input line 452.

(/usr/local/texlive/2013/texmf-dist/tex/latex/latexconfig/epstopdf-sys.cfg
File: epstopdf-sys.cfg 2010/07/13 v1.3 Configuration of (r)epstopdf for TeX Liv
e
))
*geometry* driver: auto-detecting
*geometry* detected driver: pdftex
*geometry* verbose mode - [ preamble ] result:
* driver: pdftex
* paper: <default>
* layout: <same size as paper>
* layoutoffset:(h,v)=(0.0pt,0.0pt)
* modes: 
* h-part:(L,W,R)=(72.26999pt, 469.75502pt, 72.26999pt)
* v-part:(T,H,B)=(72.26999pt, 650.43001pt, 72.26999pt)
* \paperwidth=614.295pt
* \paperheight=794.96999pt
* \textwidth=469.75502pt
* \textheight=650.43001pt
* \oddsidemargin=0.0pt
* \evensidemargin=0.0pt
* \topmargin=-37.0pt
* \headheight=12.0pt
* \headsep=25.0pt
* \topskip=10.0pt
* \footskip=30.0pt
* \marginparwidth=65.0pt
* \marginparsep=11.0pt
* \columnsep=10.0pt
* \skip\footins=9.0pt plus 4.0pt minus 2.0pt
* \hoffset=0.0pt
* \voffset=0.0pt
* \mag=1000
* \@twocolumnfalse
* \@twosidefalse
* \@mparswitchfalse
* \@reversemarginfalse
* (1in=72.27pt=25.4mm, 1cm=28.453pt)

Package caption Info: Begin \AtBeginDocument code.
Package caption Info: subfigure package is loaded.
Package caption Info: End \AtBeginDocument code.
LaTeX Font Info:    Try loading font information for U+msa on input line 29.
(/usr/local/texlive/2013/texmf-dist/tex/latex/amsfonts/umsa.fd
File: umsa.fd 2013/01/14 v3.01 AMS symbols A
)
LaTeX Font Info:    Try loading font information for U+msb on input line 29.

(/usr/local/texlive/2013/texmf-dist/tex/latex/amsfonts/umsb.fd
File: umsb.fd 2013/01/14 v3.01 AMS symbols B
) [1

{/usr/local/texlive/2013/texmf-var/fonts/map/pdftex/updmap/pdftex.map}] [2]
LaTeX Font Info:    Try loading font information for OMS+cmr on input line 157.


(/usr/local/texlive/2013/texmf-dist/tex/latex/base/omscmr.fd
File: omscmr.fd 1999/05/25 v2.5h Standard LaTeX font definitions
)
LaTeX Font Info:    Font shape `OMS/cmr/m/n' in size <10> not available
(Font)              Font shape `OMS/cmsy/m/n' tried instead on input line 157.
 [3] [4]
LaTeX Font Info:    Try loading font information for T1+pcr on input line 224.

(/usr/local/texlive/2013/texmf-dist/tex/latex/psnfss/t1pcr.fd
File: t1pcr.fd 2001/06/04 font definitions for T1/pcr.
) [5] [6]
<flow_chart_new.pdf, id=41, 863.225pt x 560.0925pt>
File: flow_chart_new.pdf Graphic file (type pdf)
 <use flow_chart_new.pdf>
Package pdftex.def Info: flow_chart_new.pdf used on input line 357.
(pdftex.def)             Requested size: 328.82707pt x 213.35013pt.

<class_diagram_new.pdf, id=42, 947.54pt x 544.0325pt>
File: class_diagram_new.pdf Graphic file (type pdf)

<use class_diagram_new.pdf>
Package pdftex.def Info: class_diagram_new.pdf used on input line 365.
(pdftex.def)             Requested size: 328.82707pt x 188.79547pt.
LaTeX Font Info:    Font shape `T1/pcr/bx/n' in size <12> not available
(Font)              Font shape `T1/pcr/b/n' tried instead on input line 373.
 [7] [8 <./flow_chart_new.pdf> <./class_diagram_new.pdf>] [9]
LaTeX Font Info:    Font shape `T1/pcr/bx/n' in size <10> not available
(Font)              Font shape `T1/pcr/b/n' tried instead on input line 430.
 [10] [11]
Package epstopdf Info: Source file: <Result_Fig/Angry_Exact_t50_s10_bd10.eps>
(epstopdf)                    date: 2015-01-15 15:21:47
(epstopdf)                    size: 37387 bytes
(epstopdf)             Output file: <Result_Fig/Angry_Exact_t50_s10_bd10-eps-co
nverted-to.pdf>
(epstopdf)                    date: 2015-01-15 15:37:13
(epstopdf)                    size: 45434 bytes
(epstopdf)             Command: <epstopdf --outfile=Result_Fig/Angry_Exact_t50_
s10_bd10-eps-converted-to.pdf Result_Fig/Angry_Exact_t50_s10_bd10.eps>
(epstopdf)             \includegraphics on input line 466.
Package epstopdf Info: Output file is already uptodate.

<Result_Fig/Angry_Exact_t50_s10_bd10-eps-converted-to.pdf, id=80, 578.16pt x 43
3.62pt>
File: Result_Fig/Angry_Exact_t50_s10_bd10-eps-converted-to.pdf Graphic file (ty
pe pdf)
 <use Result_Fig/Angry_Exact_t50_s10_bd10-eps-converted-to.pdf>
Package pdftex.def Info: Result_Fig/Angry_Exact_t50_s10_bd10-eps-converted-to.p
df used on input line 466.
(pdftex.def)             Requested size: 231.2599pt x 173.44492pt.

<Result_Fig/Angry_Error_t100_s10_bd10_log.pdf, id=81, 578.16pt x 433.62pt>
File: Result_Fig/Angry_Error_t100_s10_bd10_log.pdf Graphic file (type pdf)

<use Result_Fig/Angry_Error_t100_s10_bd10_log.pdf>
Package pdftex.def Info: Result_Fig/Angry_Error_t100_s10_bd10_log.pdf used on i
nput line 468.
(pdftex.def)             Requested size: 231.2599pt x 173.44492pt.

<Result_Fig/Angry_MPS_t200_s100_bd10.pdf, id=82, 578.16pt x 433.62pt>
File: Result_Fig/Angry_MPS_t200_s100_bd10.pdf Graphic file (type pdf)

<use Result_Fig/Angry_MPS_t200_s100_bd10.pdf>
Package pdftex.def Info: Result_Fig/Angry_MPS_t200_s100_bd10.pdf used on input 
line 470.
(pdftex.def)             Requested size: 231.2599pt x 173.44492pt.

<Result_Fig/Angry_MPS_t200_s80_bd10to20.pdf, id=83, 578.16pt x 433.62pt>
File: Result_Fig/Angry_MPS_t200_s80_bd10to20.pdf Graphic file (type pdf)

<use Result_Fig/Angry_MPS_t200_s80_bd10to20.pdf>
Package pdftex.def Info: Result_Fig/Angry_MPS_t200_s80_bd10to20.pdf used on inp
ut line 472.
(pdftex.def)             Requested size: 231.2599pt x 173.44492pt.
Package epstopdf Info: Source file: <Result_Fig/Radiating_Exact_t50_s10_bd10.ep
s>
(epstopdf)                    date: 2015-01-15 15:21:47
(epstopdf)                    size: 37342 bytes
(epstopdf)             Output file: <Result_Fig/Radiating_Exact_t50_s10_bd10-ep
s-converted-to.pdf>
(epstopdf)                    date: 2015-01-15 15:37:14
(epstopdf)                    size: 45185 bytes
(epstopdf)             Command: <epstopdf --outfile=Result_Fig/Radiating_Exact_
t50_s10_bd10-eps-converted-to.pdf Result_Fig/Radiating_Exact_t50_s10_bd10.eps>
(epstopdf)             \includegraphics on input line 481.
Package epstopdf Info: Output file is already uptodate.

<Result_Fig/Radiating_Exact_t50_s10_bd10-eps-converted-to.pdf, id=84, 578.16pt 
x 433.62pt>
File: Result_Fig/Radiating_Exact_t50_s10_bd10-eps-converted-to.pdf Graphic file
 (type pdf)
 <use Result_Fig/Radiating_Exact_t50_s10_bd10-eps-converted-to.pdf>
Package pdftex.def Info: Result_Fig/Radiating_Exact_t50_s10_bd10-eps-converted-
to.pdf used on input line 481.
(pdftex.def)             Requested size: 231.2599pt x 173.44492pt.

<Result_Fig/Radiating_Error_t100_s10_bd10_log.pdf, id=85, 578.16pt x 433.62pt>
File: Result_Fig/Radiating_Error_t100_s10_bd10_log.pdf Graphic file (type pdf)

<use Result_Fig/Radiating_Error_t100_s10_bd10_log.pdf>
Package pdftex.def Info: Result_Fig/Radiating_Error_t100_s10_bd10_log.pdf used 
on input line 483.
(pdftex.def)             Requested size: 231.2599pt x 173.44492pt.

<Result_Fig/Radiating_MPS_t200_s100_bd10.pdf, id=86, 578.16pt x 433.62pt>
File: Result_Fig/Radiating_MPS_t200_s100_bd10.pdf Graphic file (type pdf)

<use Result_Fig/Radiating_MPS_t200_s100_bd10.pdf>
Package pdftex.def Info: Result_Fig/Radiating_MPS_t200_s100_bd10.pdf used on in
put line 485.
(pdftex.def)             Requested size: 231.2599pt x 173.44492pt.

<Result_Fig/Radiating_MPS_t200_s80_bd10to20.pdf, id=87, 578.16pt x 433.62pt>
File: Result_Fig/Radiating_MPS_t200_s80_bd10to20.pdf Graphic file (type pdf)

<use Result_Fig/Radiating_MPS_t200_s80_bd10to20.pdf>
Package pdftex.def Info: Result_Fig/Radiating_MPS_t200_s80_bd10to20.pdf used on
 input line 487.
(pdftex.def)             Requested size: 231.2599pt x 173.44492pt.
Package epstopdf Info: Source file: <Result_Fig/Exponential_Exact_t50_s10_bd10.
eps>
(epstopdf)                    date: 2015-01-15 15:21:47
(epstopdf)                    size: 37401 bytes
(epstopdf)             Output file: <Result_Fig/Exponential_Exact_t50_s10_bd10-
eps-converted-to.pdf>
(epstopdf)                    date: 2015-01-15 15:41:25
(epstopdf)                    size: 45479 bytes
(epstopdf)             Command: <epstopdf --outfile=Result_Fig/Exponential_Exac
t_t50_s10_bd10-eps-converted-to.pdf Result_Fig/Exponential_Exact_t50_s10_bd10.e
ps>
(epstopdf)             \includegraphics on input line 496.
Package epstopdf Info: Output file is already uptodate.

<Result_Fig/Exponential_Exact_t50_s10_bd10-eps-converted-to.pdf, id=88, 578.16p
t x 433.62pt>
File: Result_Fig/Exponential_Exact_t50_s10_bd10-eps-converted-to.pdf Graphic fi
le (type pdf)

<use Result_Fig/Exponential_Exact_t50_s10_bd10-eps-converted-to.pdf>
Package pdftex.def Info: Result_Fig/Exponential_Exact_t50_s10_bd10-eps-converte
d-to.pdf used on input line 496.
(pdftex.def)             Requested size: 231.2599pt x 173.44492pt.

<Result_Fig/Exponential_Error_t100_s10_bd10_log.pdf, id=89, 578.16pt x 433.62pt
>
File: Result_Fig/Exponential_Error_t100_s10_bd10_log.pdf Graphic file (type pdf
)
 <use Result_Fig/Exponential_Error_t100_s10_bd10_log.pdf>
Package pdftex.def Info: Result_Fig/Exponential_Error_t100_s10_bd10_log.pdf use
d on input line 498.
(pdftex.def)             Requested size: 231.2599pt x 173.44492pt.

<Result_Fig/Exponential_MPS_t200_s100_bd10.pdf, id=90, 578.16pt x 433.62pt>
File: Result_Fig/Exponential_MPS_t200_s100_bd10.pdf Graphic file (type pdf)

<use Result_Fig/Exponential_MPS_t200_s100_bd10.pdf>
Package pdftex.def Info: Result_Fig/Exponential_MPS_t200_s100_bd10.pdf used on 
input line 500.
(pdftex.def)             Requested size: 231.2599pt x 173.44492pt.

<Result_Fig/Exponential_MPS_t200_s80_bd10to20.pdf, id=91, 578.16pt x 433.62pt>
File: Result_Fig/Exponential_MPS_t200_s80_bd10to20.pdf Graphic file (type pdf)

<use Result_Fig/Exponential_MPS_t200_s80_bd10to20.pdf>
Package pdftex.def Info: Result_Fig/Exponential_MPS_t200_s80_bd10to20.pdf used 
on input line 502.
(pdftex.def)             Requested size: 231.2599pt x 173.44492pt.
Package epstopdf Info: Source file: <Result_Fig/Projection_Exact_t50_s10_bd10.e
ps>
(epstopdf)                    date: 2015-01-15 15:21:47
(epstopdf)                    size: 37048 bytes
(epstopdf)             Output file: <Result_Fig/Projection_Exact_t50_s10_bd10-e
ps-converted-to.pdf>
(epstopdf)                    date: 2015-01-15 15:42:38
(epstopdf)                    size: 47147 bytes
(epstopdf)             Command: <epstopdf --outfile=Result_Fig/Projection_Exact
_t50_s10_bd10-eps-converted-to.pdf Result_Fig/Projection_Exact_t50_s10_bd10.eps
>
(epstopdf)             \includegraphics on input line 511.
Package epstopdf Info: Output file is already uptodate.

<Result_Fig/Projection_Exact_t50_s10_bd10-eps-converted-to.pdf, id=92, 578.16pt
 x 433.62pt>
File: Result_Fig/Projection_Exact_t50_s10_bd10-eps-converted-to.pdf Graphic fil
e (type pdf)

<use Result_Fig/Projection_Exact_t50_s10_bd10-eps-converted-to.pdf>
Package pdftex.def Info: Result_Fig/Projection_Exact_t50_s10_bd10-eps-converted
-to.pdf used on input line 511.
(pdftex.def)             Requested size: 231.2599pt x 173.44492pt.

<Result_Fig/Projection_Error_t100_s10_bd10_log.pdf, id=93, 578.16pt x 433.62pt>
File: Result_Fig/Projection_Error_t100_s10_bd10_log.pdf Graphic file (type pdf)

<use Result_Fig/Projection_Error_t100_s10_bd10_log.pdf>
Package pdftex.def Info: Result_Fig/Projection_Error_t100_s10_bd10_log.pdf used
 on input line 513.
(pdftex.def)             Requested size: 231.2599pt x 173.44492pt.

<Result_Fig/Projection_MPS_t200_s100_bd10.pdf, id=94, 578.16pt x 433.62pt>
File: Result_Fig/Projection_MPS_t200_s100_bd10.pdf Graphic file (type pdf)

<use Result_Fig/Projection_MPS_t200_s100_bd10.pdf>
Package pdftex.def Info: Result_Fig/Projection_MPS_t200_s100_bd10.pdf used on i
nput line 515.
(pdftex.def)             Requested size: 231.2599pt x 173.44492pt.

<Result_Fig/Projection_MPS_t200_s80_bd10to20.pdf, id=95, 578.16pt x 433.62pt>
File: Result_Fig/Projection_MPS_t200_s80_bd10to20.pdf Graphic file (type pdf)

<use Result_Fig/Projection_MPS_t200_s80_bd10to20.pdf>
Package pdftex.def Info: Result_Fig/Projection_MPS_t200_s80_bd10to20.pdf used o
n input line 517.
(pdftex.def)             Requested size: 231.2599pt x 173.44492pt.

<Result_Fig/profiling.png, id=96, 731.73375pt x 722.7pt>
File: Result_Fig/profiling.png Graphic file (type png)

<use Result_Fig/profiling.png>
Package pdftex.def Info: Result_Fig/profiling.png used on input line 527.
(pdftex.def)             Requested size: 292.68831pt x 289.07487pt.
 [12] [13] [14] [15 <./Result_Fig/Angry_Exact_t50_s10_bd10-eps-converted-to.pdf
> <./Result_Fig/Angry_Error_t100_s10_bd10_log.pdf> <./Result_Fig/Angry_MPS_t200
_s100_bd10.pdf

pdfTeX warning: /usr/texbin/pdflatex (file ./Result_Fig/Angry_MPS_t200_s100_bd1
0.pdf): PDF inclusion: multiple pdfs with page group included in a single page
> <./Result_Fig/Angry_MPS_t200_s80_bd10to20.pdf

pdfTeX warning: /usr/texbin/pdflatex (file ./Result_Fig/Angry_MPS_t200_s80_bd10
to20.pdf): PDF inclusion: multiple pdfs with page group included in a single pa
ge
>] [16 <./Result_Fig/Radiating_Exact_t50_s10_bd10-eps-converted-to.pdf> <./Resu
lt_Fig/Radiating_Error_t100_s10_bd10_log.pdf> <./Result_Fig/Radiating_MPS_t200_
s100_bd10.pdf

pdfTeX warning: /usr/texbin/pdflatex (file ./Result_Fig/Radiating_MPS_t200_s100
_bd10.pdf): PDF inclusion: multiple pdfs with page group included in a single p
age
> <./Result_Fig/Radiating_MPS_t200_s80_bd10to20.pdf

pdfTeX warning: /usr/texbin/pdflatex (file ./Result_Fig/Radiating_MPS_t200_s80_
bd10to20.pdf): PDF inclusion: multiple pdfs with page group included in a singl
e page
>] [17 <./Result_Fig/Exponential_Exact_t50_s10_bd10-eps-converted-to.pdf> <./Re
sult_Fig/Exponential_Error_t100_s10_bd10_log.pdf> <./Result_Fig/Exponential_MPS
_t200_s100_bd10.pdf

pdfTeX warning: /usr/texbin/pdflatex (file ./Result_Fig/Exponential_MPS_t200_s1
00_bd10.pdf): PDF inclusion: multiple pdfs with page group included in a single
 page
> <./Result_Fig/Exponential_MPS_t200_s80_bd10to20.pdf

pdfTeX warning: /usr/texbin/pdflatex (file ./Result_Fig/Exponential_MPS_t200_s8
0_bd10to20.pdf): PDF inclusion: multiple pdfs with page group included in a sin
gle page
>] [18 <./Result_Fig/Projection_Exact_t50_s10_bd10-eps-converted-to.pdf> <./Res
ult_Fig/Projection_Error_t100_s10_bd10_log.pdf> <./Result_Fig/Projection_MPS_t2
00_s100_bd10.pdf

pdfTeX warning: /usr/texbin/pdflatex (file ./Result_Fig/Projection_MPS_t200_s10
0_bd10.pdf): PDF inclusion: multiple pdfs with page group included in a single 
page
> <./Result_Fig/Projection_MPS_t200_s80_bd10to20.pdf

pdfTeX warning: /usr/texbin/pdflatex (file ./Result_Fig/Projection_MPS_t200_s80
_bd10to20.pdf): PDF inclusion: multiple pdfs with page group included in a sing
le page
>] [19 <./Result_Fig/profiling.png>] (./Final_report1.aux) ) 
Here is how much of TeX's memory you used:
 4852 strings out of 493315
 72320 string characters out of 6137904
 148708 words of memory out of 5000000
 8189 multiletter control sequences out of 15000+600000
 20221 words of font info for 57 fonts, out of 8000000 for 9000
 957 hyphenation exceptions out of 8191
 38i,15n,38p,1462b,320s stack positions out of 5000i,500n,10000p,200000b,80000s
{/usr/local/texlive
/2013/texmf-dist/fonts/enc/dvips/cm-super/cm-super-t1.enc}{/usr/local/texlive/2
013/texmf-dist/fonts/enc/dvips/base/8r.enc}</usr/local/texlive/2013/texmf-dist/
fonts/type1/public/amsfonts/cm/cmex10.pfb></usr/local/texlive/2013/texmf-dist/f
onts/type1/public/amsfonts/cmextra/cmex7.pfb></usr/local/texlive/2013/texmf-dis
t/fonts/type1/public/amsfonts/cm/cmmi10.pfb></usr/local/texlive/2013/texmf-dist
/fonts/type1/public/amsfonts/cm/cmmi5.pfb></usr/local/texlive/2013/texmf-dist/f
onts/type1/public/amsfonts/cm/cmmi7.pfb></usr/local/texlive/2013/texmf-dist/fon
ts/type1/public/amsfonts/cm/cmr10.pfb></usr/local/texlive/2013/texmf-dist/fonts
/type1/public/amsfonts/cm/cmr5.pfb></usr/local/texlive/2013/texmf-dist/fonts/ty
pe1/public/amsfonts/cm/cmr7.pfb></usr/local/texlive/2013/texmf-dist/fonts/type1
/public/amsfonts/cm/cmsy10.pfb></usr/local/texlive/2013/texmf-dist/fonts/type1/
public/amsfonts/cm/cmsy5.pfb></usr/local/texlive/2013/texmf-dist/fonts/type1/pu
blic/amsfonts/cm/cmsy7.pfb></usr/local/texlive/2013/texmf-dist/fonts/type1/publ
ic/amsfonts/symbols/msbm10.pfb></usr/local/texlive/2013/texmf-dist/fonts/type1/
public/amsfonts/symbols/msbm7.pfb></usr/local/texlive/2013/texmf-dist/fonts/typ
e1/public/cm-super/sfbx1000.pfb></usr/local/texlive/2013/texmf-dist/fonts/type1
/public/cm-super/sfbx1200.pfb></usr/local/texlive/2013/texmf-dist/fonts/type1/p
ublic/cm-super/sfbx1440.pfb></usr/local/texlive/2013/texmf-dist/fonts/type1/pub
lic/cm-super/sfrm0800.pfb></usr/local/texlive/2013/texmf-dist/fonts/type1/publi
c/cm-super/sfrm1000.pfb></usr/local/texlive/2013/texmf-dist/fonts/type1/public/
cm-super/sfrm1200.pfb></usr/local/texlive/2013/texmf-dist/fonts/type1/public/cm
-super/sfrm1728.pfb></usr/local/texlive/2013/texmf-dist/fonts/type1/public/cm-s
uper/sfti1000.pfb></usr/local/texlive/2013/texmf-dist/fonts/type1/urw/courier/u
crb8a.pfb></usr/local/texlive/2013/texmf-dist/fonts/type1/urw/courier/ucrr8a.pf
b>
Output written on Final_report1.pdf (19 pages, 1078351 bytes).
PDF statistics:
 749 PDF objects out of 1000 (max. 8388607)
 209 compressed objects within 3 object streams
 0 named destinations out of 1000 (max. 500000)
 96 words of extra memory for PDF output out of 10000 (max. 10000000)

