This is pdfTeX, Version 3.1415926-2.5-1.40.14 (TeX Live 2013) (format=pdflatex 2013.5.30)  14 JAN 2015 21:41
entering extended mode
 restricted \write18 enabled.
 file:line:error style messages enabled.
 %&-line parsing enabled.
**"Models & Results.tex"
(./Models & Results.tex
LaTeX2e <2011/06/27>
Babel <3.9f> and hyphenation patterns for 78 languages loaded.
(/usr/local/texlive/2013/texmf-dist/tex/latex/base/article.cls
Document Class: article 2007/10/19 v1.4h Standard LaTeX document class
(/usr/local/texlive/2013/texmf-dist/tex/latex/base/size10.clo
File: size10.clo 2007/10/19 v1.4h Standard LaTeX file (size option)
)
\c@part=\count79
\c@section=\count80
\c@subsection=\count81
\c@subsubsection=\count82
\c@paragraph=\count83
\c@subparagraph=\count84
\c@figure=\count85
\c@table=\count86
\abovecaptionskip=\skip41
\belowcaptionskip=\skip42
\bibindent=\dimen102
)
(/usr/local/texlive/2013/texmf-dist/tex/latex/graphics/graphicx.sty
Package: graphicx 1999/02/16 v1.0f Enhanced LaTeX Graphics (DPC,SPQR)

(/usr/local/texlive/2013/texmf-dist/tex/latex/graphics/keyval.sty
Package: keyval 1999/03/16 v1.13 key=value parser (DPC)
\KV@toks@=\toks14
)
(/usr/local/texlive/2013/texmf-dist/tex/latex/graphics/graphics.sty
Package: graphics 2009/02/05 v1.0o Standard LaTeX Graphics (DPC,SPQR)

(/usr/local/texlive/2013/texmf-dist/tex/latex/graphics/trig.sty
Package: trig 1999/03/16 v1.09 sin cos tan (DPC)
)
(/usr/local/texlive/2013/texmf-dist/tex/latex/latexconfig/graphics.cfg
File: graphics.cfg 2010/04/23 v1.9 graphics configuration of TeX Live
)
Package graphics Info: Driver file: pdftex.def on input line 91.

(/usr/local/texlive/2013/texmf-dist/tex/latex/pdftex-def/pdftex.def
File: pdftex.def 2011/05/27 v0.06d Graphics/color for pdfTeX

(/usr/local/texlive/2013/texmf-dist/tex/generic/oberdiek/infwarerr.sty
Package: infwarerr 2010/04/08 v1.3 Providing info/warning/error messages (HO)
)
(/usr/local/texlive/2013/texmf-dist/tex/generic/oberdiek/ltxcmds.sty
Package: ltxcmds 2011/11/09 v1.22 LaTeX kernel commands for general use (HO)
)
\Gread@gobject=\count87
))
\Gin@req@height=\dimen103
\Gin@req@width=\dimen104
)
(/usr/local/texlive/2013/texmf-dist/tex/latex/base/fontenc.sty
Package: fontenc 2005/09/27 v1.99g Standard LaTeX package

(/usr/local/texlive/2013/texmf-dist/tex/latex/base/t1enc.def
File: t1enc.def 2005/09/27 v1.99g Standard LaTeX file
LaTeX Font Info:    Redeclaring font encoding T1 on input line 43.
))
(/usr/local/texlive/2013/texmf-dist/tex/latex/base/inputenc.sty
Package: inputenc 2008/03/30 v1.1d Input encoding file
\inpenc@prehook=\toks15
\inpenc@posthook=\toks16

(/usr/local/texlive/2013/texmf-dist/tex/latex/base/latin9.def
File: latin9.def 2008/03/30 v1.1d Input encoding file
))
(/usr/local/texlive/2013/texmf-dist/tex/latex/amsmath/amstext.sty
Package: amstext 2000/06/29 v2.01

(/usr/local/texlive/2013/texmf-dist/tex/latex/amsmath/amsgen.sty
File: amsgen.sty 1999/11/30 v2.0
\@emptytoks=\toks17
\ex@=\dimen105
))
(/usr/local/texlive/2013/texmf-dist/tex/latex/amsmath/amsmath.sty
Package: amsmath 2013/01/14 v2.14 AMS math features
\@mathmargin=\skip43

For additional information on amsmath, use the `?' option.
(/usr/local/texlive/2013/texmf-dist/tex/latex/amsmath/amsbsy.sty
Package: amsbsy 1999/11/29 v1.2d
\pmbraise@=\dimen106
)
(/usr/local/texlive/2013/texmf-dist/tex/latex/amsmath/amsopn.sty
Package: amsopn 1999/12/14 v2.01 operator names
)
\inf@bad=\count88
LaTeX Info: Redefining \frac on input line 210.
\uproot@=\count89
\leftroot@=\count90
LaTeX Info: Redefining \overline on input line 306.
\classnum@=\count91
\DOTSCASE@=\count92
LaTeX Info: Redefining \ldots on input line 378.
LaTeX Info: Redefining \dots on input line 381.
LaTeX Info: Redefining \cdots on input line 466.
\Mathstrutbox@=\box26
\strutbox@=\box27
\big@size=\dimen107
LaTeX Font Info:    Redeclaring font encoding OML on input line 566.
LaTeX Font Info:    Redeclaring font encoding OMS on input line 567.
\macc@depth=\count93
\c@MaxMatrixCols=\count94
\dotsspace@=\muskip10
\c@parentequation=\count95
\dspbrk@lvl=\count96
\tag@help=\toks18
\row@=\count97
\column@=\count98
\maxfields@=\count99
\andhelp@=\toks19
\eqnshift@=\dimen108
\alignsep@=\dimen109
\tagshift@=\dimen110
\tagwidth@=\dimen111
\totwidth@=\dimen112
\lineht@=\dimen113
\@envbody=\toks20
\multlinegap=\skip44
\multlinetaggap=\skip45
\mathdisplay@stack=\toks21
LaTeX Info: Redefining \[ on input line 2665.
LaTeX Info: Redefining \] on input line 2666.
)
(/usr/local/texlive/2013/texmf-dist/tex/latex/amsfonts/amsfonts.sty
Package: amsfonts 2013/01/14 v3.01 Basic AMSFonts support
\symAMSa=\mathgroup4
\symAMSb=\mathgroup5
LaTeX Font Info:    Overwriting math alphabet `\mathfrak' in version `bold'
(Font)                  U/euf/m/n --> U/euf/b/n on input line 106.
)
(/usr/local/texlive/2013/texmf-dist/tex/latex/amsfonts/amssymb.sty
Package: amssymb 2013/01/14 v3.01 AMS font symbols
)
(/usr/local/texlive/2013/texmf-dist/tex/generic/babel/babel.sty
Package: babel 2013/05/16 v3.9f The Babel package

(/usr/local/texlive/2013/texmf-dist/tex/generic/babel-english/english.ldf
Language: english 2012/08/20 v3.3p English support from the babel system

(/usr/local/texlive/2013/texmf-dist/tex/generic/babel/babel.def
File: babel.def 2013/05/16 v3.9f Babel common definitions
\babel@savecnt=\count100
\U@D=\dimen114
)
\l@canadian = a dialect from \language\l@american 
\l@australian = a dialect from \language\l@british 
\l@newzealand = a dialect from \language\l@british 
))
(/usr/local/texlive/2013/texmf-dist/tex/latex/psnfss/courier.sty
Package: courier 2005/04/12 PSNFSS-v9.2a (WaS) 
)
(/usr/local/texlive/2013/texmf-dist/tex/latex/geometry/geometry.sty
Package: geometry 2010/09/12 v5.6 Page Geometry

(/usr/local/texlive/2013/texmf-dist/tex/generic/oberdiek/ifpdf.sty
Package: ifpdf 2011/01/30 v2.3 Provides the ifpdf switch (HO)
Package ifpdf Info: pdfTeX in PDF mode is detected.
)
(/usr/local/texlive/2013/texmf-dist/tex/generic/oberdiek/ifvtex.sty
Package: ifvtex 2010/03/01 v1.5 Detect VTeX and its facilities (HO)
Package ifvtex Info: VTeX not detected.
)
(/usr/local/texlive/2013/texmf-dist/tex/generic/ifxetex/ifxetex.sty
Package: ifxetex 2010/09/12 v0.6 Provides ifxetex conditional
)
\Gm@cnth=\count101
\Gm@cntv=\count102
\c@Gm@tempcnt=\count103
\Gm@bindingoffset=\dimen115
\Gm@wd@mp=\dimen116
\Gm@odd@mp=\dimen117
\Gm@even@mp=\dimen118
\Gm@layoutwidth=\dimen119
\Gm@layoutheight=\dimen120
\Gm@layouthoffset=\dimen121
\Gm@layoutvoffset=\dimen122
\Gm@dimlist=\toks22
)
(/usr/local/texlive/2013/texmf-dist/tex/latex/caption/caption.sty
Package: caption 2013/05/02 v3.3-89 Customizing captions (AR)

(/usr/local/texlive/2013/texmf-dist/tex/latex/caption/caption3.sty
Package: caption3 2013/05/02 v1.6-88 caption3 kernel (AR)
Package caption3 Info: TeX engine: e-TeX on input line 57.
\captionmargin=\dimen123
\captionmargin@=\dimen124
\captionwidth=\dimen125
\caption@tempdima=\dimen126
\caption@indent=\dimen127
\caption@parindent=\dimen128
\caption@hangindent=\dimen129
)
\c@ContinuedFloat=\count104
)
(/usr/local/texlive/2013/texmf-dist/tex/latex/subfigure/subfigure.sty
Package: subfigure 2002/03/15 v2.1.5 subfigure package
\subfigtopskip=\skip46
\subfigcapskip=\skip47
\subfigcaptopadj=\dimen130
\subfigbottomskip=\skip48
\subfigcapmargin=\dimen131
\subfiglabelskip=\skip49
\c@subfigure=\count105
\c@lofdepth=\count106
\c@subtable=\count107
\c@lotdepth=\count108

****************************************
* Local config file subfigure.cfg used *
****************************************
(/usr/local/texlive/2013/texmf-dist/tex/latex/subfigure/subfigure.cfg)
\subfig@top=\skip50
\subfig@bottom=\skip51
)
(./Models & Results.aux)
\openout1 = `"Models & Results.aux"'.

LaTeX Font Info:    Checking defaults for OML/cmm/m/it on input line 16.
LaTeX Font Info:    ... okay on input line 16.
LaTeX Font Info:    Checking defaults for T1/cmr/m/n on input line 16.
LaTeX Font Info:    ... okay on input line 16.
LaTeX Font Info:    Checking defaults for OT1/cmr/m/n on input line 16.
LaTeX Font Info:    ... okay on input line 16.
LaTeX Font Info:    Checking defaults for OMS/cmsy/m/n on input line 16.
LaTeX Font Info:    ... okay on input line 16.
LaTeX Font Info:    Checking defaults for OMX/cmex/m/n on input line 16.
LaTeX Font Info:    ... okay on input line 16.
LaTeX Font Info:    Checking defaults for U/cmr/m/n on input line 16.
LaTeX Font Info:    ... okay on input line 16.

(/usr/local/texlive/2013/texmf-dist/tex/context/base/supp-pdf.mkii
[Loading MPS to PDF converter (version 2006.09.02).]
\scratchcounter=\count109
\scratchdimen=\dimen132
\scratchbox=\box28
\nofMPsegments=\count110
\nofMParguments=\count111
\everyMPshowfont=\toks23
\MPscratchCnt=\count112
\MPscratchDim=\dimen133
\MPnumerator=\count113
\makeMPintoPDFobject=\count114
\everyMPtoPDFconversion=\toks24
) (/usr/local/texlive/2013/texmf-dist/tex/generic/oberdiek/pdftexcmds.sty
Package: pdftexcmds 2011/11/29 v0.20 Utility functions of pdfTeX for LuaTeX (HO
)

(/usr/local/texlive/2013/texmf-dist/tex/generic/oberdiek/ifluatex.sty
Package: ifluatex 2010/03/01 v1.3 Provides the ifluatex switch (HO)
Package ifluatex Info: LuaTeX not detected.
)
Package pdftexcmds Info: LuaTeX not detected.
Package pdftexcmds Info: \pdf@primitive is available.
Package pdftexcmds Info: \pdf@ifprimitive is available.
Package pdftexcmds Info: \pdfdraftmode found.
)
(/usr/local/texlive/2013/texmf-dist/tex/latex/oberdiek/epstopdf-base.sty
Package: epstopdf-base 2010/02/09 v2.5 Base part for package epstopdf

(/usr/local/texlive/2013/texmf-dist/tex/latex/oberdiek/grfext.sty
Package: grfext 2010/08/19 v1.1 Manage graphics extensions (HO)

(/usr/local/texlive/2013/texmf-dist/tex/generic/oberdiek/kvdefinekeys.sty
Package: kvdefinekeys 2011/04/07 v1.3 Define keys (HO)
))
(/usr/local/texlive/2013/texmf-dist/tex/latex/oberdiek/kvoptions.sty
Package: kvoptions 2011/06/30 v3.11 Key value format for package options (HO)

(/usr/local/texlive/2013/texmf-dist/tex/generic/oberdiek/kvsetkeys.sty
Package: kvsetkeys 2012/04/25 v1.16 Key value parser (HO)

(/usr/local/texlive/2013/texmf-dist/tex/generic/oberdiek/etexcmds.sty
Package: etexcmds 2011/02/16 v1.5 Avoid name clashes with e-TeX commands (HO)
Package etexcmds Info: Could not find \expanded.
(etexcmds)             That can mean that you are not using pdfTeX 1.50 or
(etexcmds)             that some package has redefined \expanded.
(etexcmds)             In the latter case, load this package earlier.
)))
Package grfext Info: Graphics extension search list:
(grfext)             [.png,.pdf,.jpg,.mps,.jpeg,.jbig2,.jb2,.PNG,.PDF,.JPG,.JPE
G,.JBIG2,.JB2,.eps]
(grfext)             \AppendGraphicsExtensions on input line 452.

(/usr/local/texlive/2013/texmf-dist/tex/latex/latexconfig/epstopdf-sys.cfg
File: epstopdf-sys.cfg 2010/07/13 v1.3 Configuration of (r)epstopdf for TeX Liv
e
))
*geometry* driver: auto-detecting
*geometry* detected driver: pdftex
*geometry* verbose mode - [ preamble ] result:
* driver: pdftex
* paper: <default>
* layout: <same size as paper>
* layoutoffset:(h,v)=(0.0pt,0.0pt)
* modes: 
* h-part:(L,W,R)=(72.26999pt, 469.75502pt, 72.26999pt)
* v-part:(T,H,B)=(72.26999pt, 650.43001pt, 72.26999pt)
* \paperwidth=614.295pt
* \paperheight=794.96999pt
* \textwidth=469.75502pt
* \textheight=650.43001pt
* \oddsidemargin=0.0pt
* \evensidemargin=0.0pt
* \topmargin=-37.0pt
* \headheight=12.0pt
* \headsep=25.0pt
* \topskip=10.0pt
* \footskip=30.0pt
* \marginparwidth=65.0pt
* \marginparsep=11.0pt
* \columnsep=10.0pt
* \skip\footins=9.0pt plus 4.0pt minus 2.0pt
* \hoffset=0.0pt
* \voffset=0.0pt
* \mag=1000
* \@twocolumnfalse
* \@twosidefalse
* \@mparswitchfalse
* \@reversemarginfalse
* (1in=72.27pt=25.4mm, 1cm=28.453pt)

Package caption Info: Begin \AtBeginDocument code.
Package caption Info: subfigure package is loaded.
Package caption Info: End \AtBeginDocument code.
LaTeX Font Info:    Try loading font information for U+msa on input line 19.
(/usr/local/texlive/2013/texmf-dist/tex/latex/amsfonts/umsa.fd
File: umsa.fd 2013/01/14 v3.01 AMS symbols A
)
LaTeX Font Info:    Try loading font information for U+msb on input line 19.

(/usr/local/texlive/2013/texmf-dist/tex/latex/amsfonts/umsb.fd
File: umsb.fd 2013/01/14 v3.01 AMS symbols B
)

LaTeX Warning: No \author given.

[1

{/usr/local/texlive/2013/texmf-var/fonts/map/pdftex/updmap/pdftex.map}]
[2]
Package epstopdf Info: Source file: <Result_Fig/Angry_Exact_t50_s10_bd10.eps>
(epstopdf)                    date: 2015-01-14 00:44:33
(epstopdf)                    size: 37387 bytes
(epstopdf)             Output file: <Result_Fig/Angry_Exact_t50_s10_bd10-eps-co
nverted-to.pdf>
(epstopdf)                    date: 2015-01-14 12:23:49
(epstopdf)                    size: 45434 bytes
(epstopdf)             Command: <repstopdf --outfile=Result_Fig/Angry_Exact_t50
_s10_bd10-eps-converted-to.pdf Result_Fig/Angry_Exact_t50_s10_bd10.eps>
(epstopdf)             \includegraphics on input line 121.
Package epstopdf Info: Output file is already uptodate.

<Result_Fig/Angry_Exact_t50_s10_bd10-eps-converted-to.pdf, id=21, 578.16pt x 43
3.62pt>
File: Result_Fig/Angry_Exact_t50_s10_bd10-eps-converted-to.pdf Graphic file (ty
pe pdf)
 <use Result_Fig/Angry_Exact_t50_s10_bd10-eps-converted-to.pdf>
Package pdftex.def Info: Result_Fig/Angry_Exact_t50_s10_bd10-eps-converted-to.p
df used on input line 121.
(pdftex.def)             Requested size: 231.2599pt x 173.44492pt.
Package epstopdf Info: Source file: <Result_Fig/Angry_Error_t100_s10_bd10_log.e
ps>
(epstopdf)                    date: 2015-01-14 12:28:44
(epstopdf)                    size: 40434 bytes
(epstopdf)             Output file: <Result_Fig/Angry_Error_t100_s10_bd10_log-e
ps-converted-to.pdf>
(epstopdf)                    date: 2015-01-14 13:36:41
(epstopdf)                    size: 21256 bytes
(epstopdf)             Command: <repstopdf --outfile=Result_Fig/Angry_Error_t10
0_s10_bd10_log-eps-converted-to.pdf Result_Fig/Angry_Error_t100_s10_bd10_log.ep
s>
(epstopdf)             \includegraphics on input line 123.
Package epstopdf Info: Output file is already uptodate.

<Result_Fig/Angry_Error_t100_s10_bd10_log-eps-converted-to.pdf, id=22, 578.16pt
 x 433.62pt>
File: Result_Fig/Angry_Error_t100_s10_bd10_log-eps-converted-to.pdf Graphic fil
e (type pdf)

<use Result_Fig/Angry_Error_t100_s10_bd10_log-eps-converted-to.pdf>
Package pdftex.def Info: Result_Fig/Angry_Error_t100_s10_bd10_log-eps-converted
-to.pdf used on input line 123.
(pdftex.def)             Requested size: 231.2599pt x 173.44492pt.
Package epstopdf Info: Source file: <Result_Fig/Angry_MPS_t200_s100_bd10.eps>
(epstopdf)                    date: 2015-01-14 16:34:07
(epstopdf)                    size: 35578 bytes
(epstopdf)             Output file: <Result_Fig/Angry_MPS_t200_s100_bd10-eps-co
nverted-to.pdf>
(epstopdf)                    date: 2015-01-14 16:35:24
(epstopdf)                    size: 92860 bytes
(epstopdf)             Command: <repstopdf --outfile=Result_Fig/Angry_MPS_t200_
s100_bd10-eps-converted-to.pdf Result_Fig/Angry_MPS_t200_s100_bd10.eps>
(epstopdf)             \includegraphics on input line 125.
Package epstopdf Info: Output file is already uptodate.

<Result_Fig/Angry_MPS_t200_s100_bd10-eps-converted-to.pdf, id=23, 578.16pt x 43
3.62pt>
File: Result_Fig/Angry_MPS_t200_s100_bd10-eps-converted-to.pdf Graphic file (ty
pe pdf)
 <use Result_Fig/Angry_MPS_t200_s100_bd10-eps-converted-to.pdf>
Package pdftex.def Info: Result_Fig/Angry_MPS_t200_s100_bd10-eps-converted-to.p
df used on input line 125.
(pdftex.def)             Requested size: 231.2599pt x 173.44492pt.
Package epstopdf Info: Source file: <Result_Fig/Angry_MPS_t200_s80_bd10to20.eps
>
(epstopdf)                    date: 2015-01-14 02:54:36
(epstopdf)                    size: 32928 bytes
(epstopdf)             Output file: <Result_Fig/Angry_MPS_t200_s80_bd10to20-eps
-converted-to.pdf>
(epstopdf)                    date: 2015-01-14 12:23:54
(epstopdf)                    size: 56011 bytes
(epstopdf)             Command: <repstopdf --outfile=Result_Fig/Angry_MPS_t200_
s80_bd10to20-eps-converted-to.pdf Result_Fig/Angry_MPS_t200_s80_bd10to20.eps>
(epstopdf)             \includegraphics on input line 127.
Package epstopdf Info: Output file is already uptodate.

<Result_Fig/Angry_MPS_t200_s80_bd10to20-eps-converted-to.pdf, id=24, 578.16pt x
 433.62pt>
File: Result_Fig/Angry_MPS_t200_s80_bd10to20-eps-converted-to.pdf Graphic file 
(type pdf)
 <use Result_Fig/Angry_MPS_t200_s80_bd10to20-eps-converted-to.pdf>
Package pdftex.def Info: Result_Fig/Angry_MPS_t200_s80_bd10to20-eps-converted-t
o.pdf used on input line 127.
(pdftex.def)             Requested size: 231.2599pt x 173.44492pt.
Package epstopdf Info: Source file: <Result_Fig/Radiating_Exact_t50_s10_bd10.ep
s>
(epstopdf)                    date: 2015-01-14 00:42:25
(epstopdf)                    size: 37342 bytes
(epstopdf)             Output file: <Result_Fig/Radiating_Exact_t50_s10_bd10-ep
s-converted-to.pdf>
(epstopdf)                    date: 2015-01-14 19:03:05
(epstopdf)                    size: 45185 bytes
(epstopdf)             Command: <repstopdf --outfile=Result_Fig/Radiating_Exact
_t50_s10_bd10-eps-converted-to.pdf Result_Fig/Radiating_Exact_t50_s10_bd10.eps>

(epstopdf)             \includegraphics on input line 138.
Package epstopdf Info: Output file is already uptodate.

<Result_Fig/Radiating_Exact_t50_s10_bd10-eps-converted-to.pdf, id=25, 578.16pt 
x 433.62pt>
File: Result_Fig/Radiating_Exact_t50_s10_bd10-eps-converted-to.pdf Graphic file
 (type pdf)
 <use Result_Fig/Radiating_Exact_t50_s10_bd10-eps-converted-to.pdf>
Package pdftex.def Info: Result_Fig/Radiating_Exact_t50_s10_bd10-eps-converted-
to.pdf used on input line 138.
(pdftex.def)             Requested size: 231.2599pt x 173.44492pt.
Package epstopdf Info: Source file: <Result_Fig/Radiating_Error_t100_s10_bd10_l
og.eps>
(epstopdf)                    date: 2015-01-14 00:35:31
(epstopdf)                    size: 47214 bytes
(epstopdf)             Output file: <Result_Fig/Radiating_Error_t100_s10_bd10_l
og-eps-converted-to.pdf>
(epstopdf)                    date: 2015-01-14 19:03:06
(epstopdf)                    size: 21775 bytes
(epstopdf)             Command: <repstopdf --outfile=Result_Fig/Radiating_Error
_t100_s10_bd10_log-eps-converted-to.pdf Result_Fig/Radiating_Error_t100_s10_bd1
0_log.eps>
(epstopdf)             \includegraphics on input line 140.
Package epstopdf Info: Output file is already uptodate.

<Result_Fig/Radiating_Error_t100_s10_bd10_log-eps-converted-to.pdf, id=26, 578.
16pt x 433.62pt>
File: Result_Fig/Radiating_Error_t100_s10_bd10_log-eps-converted-to.pdf Graphic
 file (type pdf)

<use Result_Fig/Radiating_Error_t100_s10_bd10_log-eps-converted-to.pdf>
Package pdftex.def Info: Result_Fig/Radiating_Error_t100_s10_bd10_log-eps-conve
rted-to.pdf used on input line 140.
(pdftex.def)             Requested size: 231.2599pt x 173.44492pt.
Package epstopdf Info: Source file: <Result_Fig/Radiating_MPS_t100_s30_bd10.eps
>
(epstopdf)                    date: 2015-01-14 20:25:50
(epstopdf)                    size: 36007 bytes
(epstopdf)             Output file: <Result_Fig/Radiating_MPS_t100_s30_bd10-eps
-converted-to.pdf>
(epstopdf)                    date: 2015-01-14 20:30:39
(epstopdf)                    size: 58108 bytes
(epstopdf)             Command: <repstopdf --outfile=Result_Fig/Radiating_MPS_t
100_s30_bd10-eps-converted-to.pdf Result_Fig/Radiating_MPS_t100_s30_bd10.eps>
(epstopdf)             \includegraphics on input line 142.
Package epstopdf Info: Output file is already uptodate.

<Result_Fig/Radiating_MPS_t100_s30_bd10-eps-converted-to.pdf, id=27, 578.16pt x
 433.62pt>
File: Result_Fig/Radiating_MPS_t100_s30_bd10-eps-converted-to.pdf Graphic file 
(type pdf)
 <use Result_Fig/Radiating_MPS_t100_s30_bd10-eps-converted-to.pdf>
Package pdftex.def Info: Result_Fig/Radiating_MPS_t100_s30_bd10-eps-converted-t
o.pdf used on input line 142.
(pdftex.def)             Requested size: 231.2599pt x 173.44492pt.
Package epstopdf Info: Source file: <Result_Fig/Radiating_MPS_t100_s30_bd10to20
.eps>
(epstopdf)                    date: 2015-01-14 02:33:10
(epstopdf)                    size: 33090 bytes
(epstopdf)             Output file: <Result_Fig/Radiating_MPS_t100_s30_bd10to20
-eps-converted-to.pdf>
(epstopdf)                    date: 2015-01-14 19:03:09
(epstopdf)                    size: 38562 bytes
(epstopdf)             Command: <repstopdf --outfile=Result_Fig/Radiating_MPS_t
100_s30_bd10to20-eps-converted-to.pdf Result_Fig/Radiating_MPS_t100_s30_bd10to2
0.eps>
(epstopdf)             \includegraphics on input line 144.
Package epstopdf Info: Output file is already uptodate.

<Result_Fig/Radiating_MPS_t100_s30_bd10to20-eps-converted-to.pdf, id=28, 578.16
pt x 433.62pt>
File: Result_Fig/Radiating_MPS_t100_s30_bd10to20-eps-converted-to.pdf Graphic f
ile (type pdf)

<use Result_Fig/Radiating_MPS_t100_s30_bd10to20-eps-converted-to.pdf>
Package pdftex.def Info: Result_Fig/Radiating_MPS_t100_s30_bd10to20-eps-convert
ed-to.pdf used on input line 144.
(pdftex.def)             Requested size: 231.2599pt x 173.44492pt.
Package epstopdf Info: Source file: <Result_Fig/Exponential_Exact_t50_s10_bd10.
eps>
(epstopdf)                    date: 2015-01-14 00:27:53
(epstopdf)                    size: 37401 bytes
(epstopdf)             Output file: <Result_Fig/Exponential_Exact_t50_s10_bd10-
eps-converted-to.pdf>
(epstopdf)                    date: 2015-01-14 20:32:12
(epstopdf)                    size: 45479 bytes
(epstopdf)             Command: <repstopdf --outfile=Result_Fig/Exponential_Exa
ct_t50_s10_bd10-eps-converted-to.pdf Result_Fig/Exponential_Exact_t50_s10_bd10.
eps>
(epstopdf)             \includegraphics on input line 155.
Package epstopdf Info: Output file is already uptodate.

<Result_Fig/Exponential_Exact_t50_s10_bd10-eps-converted-to.pdf, id=29, 578.16p
t x 433.62pt>
File: Result_Fig/Exponential_Exact_t50_s10_bd10-eps-converted-to.pdf Graphic fi
le (type pdf)

<use Result_Fig/Exponential_Exact_t50_s10_bd10-eps-converted-to.pdf>
Package pdftex.def Info: Result_Fig/Exponential_Exact_t50_s10_bd10-eps-converte
d-to.pdf used on input line 155.
(pdftex.def)             Requested size: 231.2599pt x 173.44492pt.
Package epstopdf Info: Source file: <Result_Fig/Exponential_Error_t100_s10_bd10
_log.eps>
(epstopdf)                    date: 2015-01-14 00:31:35
(epstopdf)                    size: 47308 bytes
(epstopdf)             Output file: <Result_Fig/Exponential_Error_t100_s10_bd10
_log-eps-converted-to.pdf>
(epstopdf)                    date: 2015-01-14 20:32:14
(epstopdf)                    size: 21781 bytes
(epstopdf)             Command: <repstopdf --outfile=Result_Fig/Exponential_Err
or_t100_s10_bd10_log-eps-converted-to.pdf Result_Fig/Exponential_Error_t100_s10
_bd10_log.eps>
(epstopdf)             \includegraphics on input line 157.
Package epstopdf Info: Output file is already uptodate.

<Result_Fig/Exponential_Error_t100_s10_bd10_log-eps-converted-to.pdf, id=30, 57
8.16pt x 433.62pt>
File: Result_Fig/Exponential_Error_t100_s10_bd10_log-eps-converted-to.pdf Graph
ic file (type pdf)

<use Result_Fig/Exponential_Error_t100_s10_bd10_log-eps-converted-to.pdf>
Package pdftex.def Info: Result_Fig/Exponential_Error_t100_s10_bd10_log-eps-con
verted-to.pdf used on input line 157.
(pdftex.def)             Requested size: 231.2599pt x 173.44492pt.
Package epstopdf Info: Source file: <Result_Fig/Exponential_MPS_t100_s40_bd10.e
ps>
(epstopdf)                    date: 2015-01-14 20:37:38
(epstopdf)                    size: 36023 bytes
(epstopdf)             Output file: <Result_Fig/Exponential_MPS_t100_s40_bd10-e
ps-converted-to.pdf>
(epstopdf)                    date: 2015-01-14 20:55:20
(epstopdf)                    size: 58249 bytes
(epstopdf)             Command: <repstopdf --outfile=Result_Fig/Exponential_MPS
_t100_s40_bd10-eps-converted-to.pdf Result_Fig/Exponential_MPS_t100_s40_bd10.ep
s>
(epstopdf)             \includegraphics on input line 159.
Package epstopdf Info: Output file is already uptodate.

<Result_Fig/Exponential_MPS_t100_s40_bd10-eps-converted-to.pdf, id=31, 578.16pt
 x 433.62pt>
File: Result_Fig/Exponential_MPS_t100_s40_bd10-eps-converted-to.pdf Graphic fil
e (type pdf)

<use Result_Fig/Exponential_MPS_t100_s40_bd10-eps-converted-to.pdf>
Package pdftex.def Info: Result_Fig/Exponential_MPS_t100_s40_bd10-eps-converted
-to.pdf used on input line 159.
(pdftex.def)             Requested size: 231.2599pt x 173.44492pt.
Package epstopdf Info: Source file: <Result_Fig/Exponential_MPS_t100_s40_bd10to
20.eps>
(epstopdf)                    date: 2015-01-14 20:41:07
(epstopdf)                    size: 32739 bytes
(epstopdf)             Output file: <Result_Fig/Exponential_MPS_t100_s40_bd10to
20-eps-converted-to.pdf>
(epstopdf)                    date: 2015-01-14 20:55:22
(epstopdf)                    size: 38495 bytes
(epstopdf)             Command: <repstopdf --outfile=Result_Fig/Exponential_MPS
_t100_s40_bd10to20-eps-converted-to.pdf Result_Fig/Exponential_MPS_t100_s40_bd1
0to20.eps>
(epstopdf)             \includegraphics on input line 161.
Package epstopdf Info: Output file is already uptodate.

<Result_Fig/Exponential_MPS_t100_s40_bd10to20-eps-converted-to.pdf, id=32, 578.
16pt x 433.62pt>
File: Result_Fig/Exponential_MPS_t100_s40_bd10to20-eps-converted-to.pdf Graphic
 file (type pdf)

<use Result_Fig/Exponential_MPS_t100_s40_bd10to20-eps-converted-to.pdf>
Package pdftex.def Info: Result_Fig/Exponential_MPS_t100_s40_bd10to20-eps-conve
rted-to.pdf used on input line 161.
(pdftex.def)             Requested size: 231.2599pt x 173.44492pt.

[3 <./Result_Fig/Angry_Exact_t50_s10_bd10-eps-converted-to.pdf> <./Result_Fig/A
ngry_Error_t100_s10_bd10_log-eps-converted-to.pdf> <./Result_Fig/Angry_MPS_t200
_s100_bd10-eps-converted-to.pdf> <./Result_Fig/Angry_MPS_t200_s80_bd10to20-eps-
converted-to.pdf>] [4 <./Result_Fig/Radiating_Exact_t50_s10_bd10-eps-converted-
to.pdf> <./Result_Fig/Radiating_Error_t100_s10_bd10_log-eps-converted-to.pdf> <
./Result_Fig/Radiating_MPS_t100_s30_bd10-eps-converted-to.pdf> <./Result_Fig/Ra
diating_MPS_t100_s30_bd10to20-eps-converted-to.pdf>]
Package epstopdf Info: Source file: <Result_Fig/Projection_Exact_t50_s10_bd10.e
ps>
(epstopdf)                    date: 2015-01-14 20:46:05
(epstopdf)                    size: 37048 bytes
(epstopdf)             Output file: <Result_Fig/Projection_Exact_t50_s10_bd10-e
ps-converted-to.pdf>
(epstopdf)                    date: 2015-01-14 20:55:24
(epstopdf)                    size: 47147 bytes
(epstopdf)             Command: <repstopdf --outfile=Result_Fig/Projection_Exac
t_t50_s10_bd10-eps-converted-to.pdf Result_Fig/Projection_Exact_t50_s10_bd10.ep
s>
(epstopdf)             \includegraphics on input line 172.
Package epstopdf Info: Output file is already uptodate.

<Result_Fig/Projection_Exact_t50_s10_bd10-eps-converted-to.pdf, id=306, 578.16p
t x 433.62pt>
File: Result_Fig/Projection_Exact_t50_s10_bd10-eps-converted-to.pdf Graphic fil
e (type pdf)

<use Result_Fig/Projection_Exact_t50_s10_bd10-eps-converted-to.pdf>
Package pdftex.def Info: Result_Fig/Projection_Exact_t50_s10_bd10-eps-converted
-to.pdf used on input line 172.
(pdftex.def)             Requested size: 231.2599pt x 173.44492pt.
Package epstopdf Info: Source file: <Result_Fig/Projection_Error_t100_s10_bd10_
log.eps>
(epstopdf)                    date: 2015-01-14 00:07:20
(epstopdf)                    size: 45139 bytes
(epstopdf)             Output file: <Result_Fig/Projection_Error_t100_s10_bd10_
log-eps-converted-to.pdf>
(epstopdf)                    date: 2015-01-14 20:55:26
(epstopdf)                    size: 21636 bytes
(epstopdf)             Command: <repstopdf --outfile=Result_Fig/Projection_Erro
r_t100_s10_bd10_log-eps-converted-to.pdf Result_Fig/Projection_Error_t100_s10_b
d10_log.eps>
(epstopdf)             \includegraphics on input line 174.
Package epstopdf Info: Output file is already uptodate.

<Result_Fig/Projection_Error_t100_s10_bd10_log-eps-converted-to.pdf, id=307, 57
8.16pt x 433.62pt>
File: Result_Fig/Projection_Error_t100_s10_bd10_log-eps-converted-to.pdf Graphi
c file (type pdf)

<use Result_Fig/Projection_Error_t100_s10_bd10_log-eps-converted-to.pdf>
Package pdftex.def Info: Result_Fig/Projection_Error_t100_s10_bd10_log-eps-conv
erted-to.pdf used on input line 174.
(pdftex.def)             Requested size: 231.2599pt x 173.44492pt.
Package epstopdf Info: Source file: <Result_Fig/Projection_MPS_t400_s200_bd10.e
ps>
(epstopdf)                    date: 2015-01-14 20:56:11
(epstopdf)                    size: 49888 bytes
(epstopdf)             Output file: <Result_Fig/Projection_MPS_t400_s200_bd10-e
ps-converted-to.pdf>
(epstopdf)                    date: 2015-01-14 20:58:15
(epstopdf)                    size: 171843 bytes
(epstopdf)             Command: <repstopdf --outfile=Result_Fig/Projection_MPS_
t400_s200_bd10-eps-converted-to.pdf Result_Fig/Projection_MPS_t400_s200_bd10.ep
s>
(epstopdf)             \includegraphics on input line 176.
Package epstopdf Info: Output file is already uptodate.

<Result_Fig/Projection_MPS_t400_s200_bd10-eps-converted-to.pdf, id=308, 578.16p
t x 433.62pt>
File: Result_Fig/Projection_MPS_t400_s200_bd10-eps-converted-to.pdf Graphic fil
e (type pdf)

<use Result_Fig/Projection_MPS_t400_s200_bd10-eps-converted-to.pdf>
Package pdftex.def Info: Result_Fig/Projection_MPS_t400_s200_bd10-eps-converted
-to.pdf used on input line 176.
(pdftex.def)             Requested size: 231.2599pt x 173.44492pt.
Package epstopdf Info: Source file: <Result_Fig/Projection_MPS_t200_s150_bd10to
20.eps>
(epstopdf)                    date: 2015-01-14 03:28:28
(epstopdf)                    size: 32615 bytes
(epstopdf)             Output file: <Result_Fig/Projection_MPS_t200_s150_bd10to
20-eps-converted-to.pdf>
(epstopdf)                    date: 2015-01-14 20:58:16
(epstopdf)                    size: 56084 bytes
(epstopdf)             Command: <repstopdf --outfile=Result_Fig/Projection_MPS_
t200_s150_bd10to20-eps-converted-to.pdf Result_Fig/Projection_MPS_t200_s150_bd1
0to20.eps>
(epstopdf)             \includegraphics on input line 178.
Package epstopdf Info: Output file is already uptodate.

<Result_Fig/Projection_MPS_t200_s150_bd10to20-eps-converted-to.pdf, id=309, 578
.16pt x 433.62pt>
File: Result_Fig/Projection_MPS_t200_s150_bd10to20-eps-converted-to.pdf Graphic
 file (type pdf)

<use Result_Fig/Projection_MPS_t200_s150_bd10to20-eps-converted-to.pdf>
Package pdftex.def Info: Result_Fig/Projection_MPS_t200_s150_bd10to20-eps-conve
rted-to.pdf used on input line 178.
(pdftex.def)             Requested size: 231.2599pt x 173.44492pt.

[5 <./Result_Fig/Exponential_Exact_t50_s10_bd10-eps-converted-to.pdf> <./Result
_Fig/Exponential_Error_t100_s10_bd10_log-eps-converted-to.pdf> <./Result_Fig/Ex
ponential_MPS_t100_s40_bd10-eps-converted-to.pdf> <./Result_Fig/Exponential_MPS
_t100_s40_bd10to20-eps-converted-to.pdf>] [6 <./Result_Fig/Projection_Exact_t50
_s10_bd10-eps-converted-to.pdf> <./Result_Fig/Projection_Error_t100_s10_bd10_lo
g-eps-converted-to.pdf> <./Result_Fig/Projection_MPS_t400_s200_bd10-eps-convert
ed-to.pdf> <./Result_Fig/Projection_MPS_t200_s150_bd10to20-eps-converted-to.pdf
>] (./Models & Results.aux) ) 
Here is how much of TeX's memory you used:
 4762 strings out of 493315
 71776 string characters out of 6137904
 143664 words of memory out of 5000000
 8118 multiletter control sequences out of 15000+600000
 15362 words of font info for 47 fonts, out of 8000000 for 9000
 957 hyphenation exceptions out of 8191
 38i,8n,38p,2346b,283s stack positions out of 5000i,500n,10000p,200000b,80000s
{/usr/local/texlive/2013/texmf-dist/fonts/enc/dvip
s/cm-super/cm-super-t1.enc}</usr/local/texlive/2013/texmf-dist/fonts/type1/publ
ic/amsfonts/cm/cmex10.pfb></usr/local/texlive/2013/texmf-dist/fonts/type1/publi
c/amsfonts/cm/cmmi10.pfb></usr/local/texlive/2013/texmf-dist/fonts/type1/public
/amsfonts/cm/cmmi7.pfb></usr/local/texlive/2013/texmf-dist/fonts/type1/public/a
msfonts/cm/cmr10.pfb></usr/local/texlive/2013/texmf-dist/fonts/type1/public/ams
fonts/cm/cmr7.pfb></usr/local/texlive/2013/texmf-dist/fonts/type1/public/amsfon
ts/cm/cmsy10.pfb></usr/local/texlive/2013/texmf-dist/fonts/type1/public/amsfont
s/cm/cmsy7.pfb></usr/local/texlive/2013/texmf-dist/fonts/type1/public/cm-super/
sfbx1200.pfb></usr/local/texlive/2013/texmf-dist/fonts/type1/public/cm-super/sf
bx1440.pfb></usr/local/texlive/2013/texmf-dist/fonts/type1/public/cm-super/sfrm
0800.pfb></usr/local/texlive/2013/texmf-dist/fonts/type1/public/cm-super/sfrm10
00.pfb></usr/local/texlive/2013/texmf-dist/fonts/type1/public/cm-super/sfrm1200
.pfb></usr/local/texlive/2013/texmf-dist/fonts/type1/public/cm-super/sfrm1728.p
fb>
Output written on "Models & Results.pdf" (6 pages, 962537 bytes).
PDF statistics:
 627 PDF objects out of 1000 (max. 8388607)
 118 compressed objects within 2 object streams
 0 named destinations out of 1000 (max. 500000)
 81 words of extra memory for PDF output out of 10000 (max. 10000000)

